# JRE version: OpenJDK Runtime Environment Temurin-17.0.6+10 (17.0.6+10) (build 17.0.6+10)
# Java VM: OpenJDK 64-Bit Server VM Temurin-17.0.6+10 (17.0.6+10, mixed mode, tiered, compressed oops, compressed class ptrs, g1 gc, linux-amd64)
GC Precious Log:
 CPUs: 8 total, 8 available
 Memory: 7865M
 Large Page Support: Disabled
 NUMA Support: Disabled
 Compressed Oops: Enabled (32-bit)
 Heap Region Size: 1M
 Heap Min Capacity: 64M
 Heap Initial Capacity: 64M
 Heap Max Capacity: 1G
 Pre-touch: Disabled
 Parallel Workers: 8
 Concurrent Workers: 2
 Concurrent Refinement Workers: 8
 Periodic GC: Disabled
Heap:
 garbage-first heap   total 119808K, used 86833K [0x00000000c0000000, 0x0000000100000000)
  region size 1024K, 42 young (43008K), 1 survivors (1024K)
 Metaspace       used 62655K, committed 64192K, reserved 1105920K
  class space    used 7508K, committed 8128K, reserved 1048576K
GC Heap History (20 events):
Event: 23.007 GC heap before
{Heap before GC invocations=17 (full 0):
 garbage-first heap   total 119808K, used 83051K [0x00000000c0000000, 0x0000000100000000)
  region size 1024K, 52 young (53248K), 5 survivors (5120K)
 Metaspace       used 52832K, committed 54272K, reserved 1097728K
  class space    used 6293K, committed 6912K, reserved 1048576K
}
Event: 23.017 GC heap after
{Heap after GC invocations=18 (full 0):
 garbage-first heap   total 119808K, used 40870K [0x00000000c0000000, 0x0000000100000000)
  region size 1024K, 7 young (7168K), 7 survivors (7168K)
 Metaspace       used 52832K, committed 54272K, reserved 1097728K
  class space    used 6293K, committed 6912K, reserved 1048576K
}
Event: 23.069 GC heap before
{Heap before GC invocations=18 (full 0):
 garbage-first heap   total 119808K, used 41894K [0x00000000c0000000, 0x0000000100000000)
  region size 1024K, 8 young (8192K), 7 survivors (7168K)
 Metaspace       used 53125K, committed 54528K, reserved 1097728K
  class space    used 6330K, committed 6912K, reserved 1048576K
}
Event: 23.076 GC heap after
{Heap after GC invocations=19 (full 0):
 garbage-first heap   total 119808K, used 41357K [0x00000000c0000000, 0x0000000100000000)
  region size 1024K, 1 young (1024K), 1 survivors (1024K)
 Metaspace       used 53125K, committed 54528K, reserved 1097728K
  class space    used 6330K, committed 6912K, reserved 1048576K
}
Event: 45.595 GC heap before
{Heap before GC invocations=19 (full 0):
 garbage-first heap   total 119808K, used 83341K [0x00000000c0000000, 0x0000000100000000)
  region size 1024K, 43 young (44032K), 1 survivors (1024K)
 Metaspace       used 61311K, committed 62848K, reserved 1105920K
  class space    used 7415K, committed 8000K, reserved 1048576K
}
Event: 45.601 GC heap after
{Heap after GC invocations=20 (full 0):
 garbage-first heap   total 119808K, used 45387K [0x00000000c0000000, 0x0000000100000000)
  region size 1024K, 5 young (5120K), 5 survivors (5120K)
 Metaspace       used 61311K, committed 62848K, reserved 1105920K
  class space    used 7415K, committed 8000K, reserved 1048576K
}
Event: 1378.710 GC heap before
{Heap before GC invocations=20 (full 0):
 garbage-first heap   total 119808K, used 86347K [0x00000000c0000000, 0x0000000100000000)
  region size 1024K, 45 young (46080K), 5 survivors (5120K)
 Metaspace       used 62570K, committed 64064K, reserved 1105920K
  class space    used 7508K, committed 8128K, reserved 1048576K
}
Event: 1378.715 GC heap after
{Heap after GC invocations=21 (full 0):
 garbage-first heap   total 119808K, used 46381K [0x00000000c0000000, 0x0000000100000000)
  region size 1024K, 2 young (2048K), 2 survivors (2048K)
 Metaspace       used 62570K, committed 64064K, reserved 1105920K
  class space    used 7508K, committed 8128K, reserved 1048576K
}
Event: 4465.806 GC heap before
{Heap before GC invocations=21 (full 0):
 garbage-first heap   total 119808K, used 90413K [0x00000000c0000000, 0x0000000100000000)
  region size 1024K, 45 young (46080K), 2 survivors (2048K)
 Metaspace       used 62595K, committed 64064K, reserved 1105920K
  class space    used 7508K, committed 8128K, reserved 1048576K
}
Event: 4465.825 GC heap after
{Heap after GC invocations=22 (full 0):
 garbage-first heap   total 119808K, used 45973K [0x00000000c0000000, 0x0000000100000000)
  region size 1024K, 1 young (1024K), 1 survivors (1024K)
 Metaspace       used 62595K, committed 64064K, reserved 1105920K
  class space    used 7508K, committed 8128K, reserved 1048576K
}
Event: 7775.544 GC heap before
{Heap before GC invocations=22 (full 0):
 garbage-first heap   total 119808K, used 94101K [0x00000000c0000000, 0x0000000100000000)
  region size 1024K, 48 young (49152K), 1 survivors (1024K)
 Metaspace       used 62618K, committed 64128K, reserved 1105920K
  class space    used 7508K, committed 8128K, reserved 1048576K
}
Event: 7775.553 GC heap after
{Heap after GC invocations=23 (full 0):
 garbage-first heap   total 119808K, used 45896K [0x00000000c0000000, 0x0000000100000000)
  region size 1024K, 1 young (1024K), 1 survivors (1024K)
 Metaspace       used 62618K, committed 64128K, reserved 1105920K
  class space    used 7508K, committed 8128K, reserved 1048576K
}
Event: 11195.234 GC heap before
{Heap before GC invocations=23 (full 0):
 garbage-first heap   total 119808K, used 96072K [0x00000000c0000000, 0x0000000100000000)
  region size 1024K, 50 young (51200K), 1 survivors (1024K)
 Metaspace       used 62623K, committed 64128K, reserved 1105920K
  class space    used 7508K, committed 8128K, reserved 1048576K
}
Event: 11195.250 GC heap after
{Heap after GC invocations=24 (full 0):
 garbage-first heap   total 119808K, used 45905K [0x00000000c0000000, 0x0000000100000000)
  region size 1024K, 1 young (1024K), 1 survivors (1024K)
 Metaspace       used 62623K, committed 64128K, reserved 1105920K
  class space    used 7508K, committed 8128K, reserved 1048576K
}
Event: 14863.961 GC heap before
{Heap before GC invocations=24 (full 0):
 garbage-first heap   total 119808K, used 99153K [0x00000000c0000000, 0x0000000100000000)
  region size 1024K, 53 young (54272K), 1 survivors (1024K)
 Metaspace       used 62649K, committed 64192K, reserved 1105920K
  class space    used 7508K, committed 8128K, reserved 1048576K
}
Event: 14863.968 GC heap after
{Heap after GC invocations=25 (full 0):
 garbage-first heap   total 119808K, used 45866K [0x00000000c0000000, 0x0000000100000000)
  region size 1024K, 1 young (1024K), 1 survivors (1024K)
 Metaspace       used 62649K, committed 64192K, reserved 1105920K
  class space    used 7508K, committed 8128K, reserved 1048576K
}
Event: 18766.140 GC heap before
{Heap before GC invocations=25 (full 0):
 garbage-first heap   total 119808K, used 100138K [0x00000000c0000000, 0x0000000100000000)
  region size 1024K, 54 young (55296K), 1 survivors (1024K)
 Metaspace       used 62654K, committed 64192K, reserved 1105920K
  class space    used 7508K, committed 8128K, reserved 1048576K
}
Event: 18766.153 GC heap after
{Heap after GC invocations=26 (full 0):
 garbage-first heap   total 119808K, used 45876K [0x00000000c0000000, 0x0000000100000000)
  region size 1024K, 1 young (1024K), 1 survivors (1024K)
 Metaspace       used 62654K, committed 64192K, reserved 1105920K
  class space    used 7508K, committed 8128K, reserved 1048576K
}
Event: 22742.351 GC heap before
{Heap before GC invocations=26 (full 0):
 garbage-first heap   total 119808K, used 102196K [0x00000000c0000000, 0x0000000100000000)
  region size 1024K, 56 young (57344K), 1 survivors (1024K)
 Metaspace       used 62654K, committed 64192K, reserved 1105920K
  class space    used 7508K, committed 8128K, reserved 1048576K
}
Event: 22742.369 GC heap after
{Heap after GC invocations=27 (full 0):
 garbage-first heap   total 119808K, used 45873K [0x00000000c0000000, 0x0000000100000000)
  region size 1024K, 1 young (1024K), 1 survivors (1024K)
 Metaspace       used 62654K, committed 64192K, reserved 1105920K
  class space    used 7508K, committed 8128K, reserved 1048576K
}

